{"total": {"lines":{"total":520,"covered":470,"skipped":0,"pct":90.38},"statements":{"total":520,"covered":470,"skipped":0,"pct":90.38},"functions":{"total":22,"covered":19,"skipped":0,"pct":86.36},"branches":{"total":104,"covered":58,"skipped":0,"pct":55.76},"branchesTrue":{"total":0,"covered":0,"skipped":0,"pct":100}}
,"/home/runner/work/valtaris-glue/valtaris-glue/supabase/functions/_shared/dag.ts": {"lines":{"total":24,"covered":16,"skipped":0,"pct":66.66},"functions":{"total":3,"covered":2,"skipped":0,"pct":66.66},"statements":{"total":24,"covered":16,"skipped":0,"pct":66.66},"branches":{"total":13,"covered":9,"skipped":0,"pct":69.23}}
,"/home/runner/work/valtaris-glue/valtaris-glue/supabase/functions/_shared/retry.ts": {"lines":{"total":10,"covered":10,"skipped":0,"pct":100},"functions":{"total":2,"covered":2,"skipped":0,"pct":100},"statements":{"total":10,"covered":10,"skipped":0,"pct":100},"branches":{"total":5,"covered":4,"skipped":0,"pct":80}}
,"/home/runner/work/valtaris-glue/valtaris-glue/supabase/functions/approval-decision/logic.ts": {"lines":{"total":18,"covered":18,"skipped":0,"pct":100},"functions":{"total":1,"covered":1,"skipped":0,"pct":100},"statements":{"total":18,"covered":18,"skipped":0,"pct":100},"branches":{"total":3,"covered":2,"skipped":0,"pct":66.66}}
,"/home/runner/work/valtaris-glue/valtaris-glue/supabase/functions/execute-workflow/logic.ts": {"lines":{"total":31,"covered":31,"skipped":0,"pct":100},"functions":{"total":2,"covered":2,"skipped":0,"pct":100},"statements":{"total":31,"covered":31,"skipped":0,"pct":100},"branches":{"total":5,"covered":5,"skipped":0,"pct":100}}
,"/home/runner/work/valtaris-glue/valtaris-glue/supabase/functions/replay-workflow/logic.ts": {"lines":{"total":125,"covered":102,"skipped":0,"pct":81.6},"functions":{"total":5,"covered":3,"skipped":0,"pct":60},"statements":{"total":125,"covered":102,"skipped":0,"pct":81.6},"branches":{"total":23,"covered":6,"skipped":0,"pct":26.08}}
,"/home/runner/work/valtaris-glue/valtaris-glue/supabase/functions/run-worker/logic.ts": {"lines":{"total":178,"covered":168,"skipped":0,"pct":94.38},"functions":{"total":6,"covered":6,"skipped":0,"pct":100},"statements":{"total":178,"covered":168,"skipped":0,"pct":94.38},"branches":{"total":31,"covered":10,"skipped":0,"pct":32.25}}
,"/home/runner/work/valtaris-glue/valtaris-glue/supabase/functions/runtime-validate/logic.ts": {"lines":{"total":134,"covered":125,"skipped":0,"pct":93.28},"functions":{"total":3,"covered":3,"skipped":0,"pct":100},"statements":{"total":134,"covered":125,"skipped":0,"pct":93.28},"branches":{"total":24,"covered":22,"skipped":0,"pct":91.66}}
}
